# JRE version: OpenJDK Runtime Environment Microsoft-11369865 (17.0.15+6) (build 17.0.15+6-LTS)
# Java VM: OpenJDK 64-Bit Server VM Microsoft-11369865 (17.0.15+6-LTS, mixed mode, emulated-client, sharing, tiered, compressed oops, compressed class ptrs, g1 gc, windows-amd64)
GC Precious Log:
 CPUs: 16 total, 16 available
 Memory: 7528M
 Large Page Support: Disabled
 NUMA Support: Disabled
 Compressed Oops: Enabled (32-bit)
 Heap Region Size: 1M
 Heap Min Capacity: 8M
 Heap Initial Capacity: 118M
 Heap Max Capacity: 1884M
 Pre-touch: Disabled
 Parallel Workers: 13
 Concurrent Workers: 3
 Concurrent Refinement Workers: 13
 Periodic GC: Disabled
Heap:
 garbage-first heap   total 120832K, used 60477K [0x000000008a400000, 0x0000000100000000)
  region size 1024K, 3 young (3072K), 3 survivors (3072K)
 Metaspace       used 82957K, committed 83648K, reserved 1179648K
  class space    used 11983K, committed 12288K, reserved 1048576K
GC Heap History (20 events):
Event: 20.047 GC heap after
{Heap after GC invocations=20 (full 0):
 garbage-first heap   total 109568K, used 42157K [0x000000008a400000, 0x0000000100000000)
  region size 1024K, 1 young (1024K), 1 survivors (1024K)
 Metaspace       used 62239K, committed 62720K, reserved 1114112K
  class space    used 8911K, committed 9152K, reserved 1048576K
}
Event: 21.497 GC heap before
{Heap before GC invocations=20 (full 0):
 garbage-first heap   total 109568K, used 90285K [0x000000008a400000, 0x0000000100000000)
  region size 1024K, 48 young (49152K), 1 survivors (1024K)
 Metaspace       used 66704K, committed 67264K, reserved 1114112K
  class space    used 9550K, committed 9792K, reserved 1048576K
}
Event: 21.500 GC heap after
{Heap after GC invocations=21 (full 0):
 garbage-first heap   total 109568K, used 43882K [0x000000008a400000, 0x0000000100000000)
  region size 1024K, 3 young (3072K), 3 survivors (3072K)
 Metaspace       used 66704K, committed 67264K, reserved 1114112K
  class space    used 9550K, committed 9792K, reserved 1048576K
}
Event: 22.513 GC heap before
{Heap before GC invocations=21 (full 0):
 garbage-first heap   total 109568K, used 89962K [0x000000008a400000, 0x0000000100000000)
  region size 1024K, 48 young (49152K), 3 survivors (3072K)
 Metaspace       used 72760K, committed 73408K, reserved 1114112K
  class space    used 10610K, committed 10944K, reserved 1048576K
}
Event: 22.519 GC heap after
{Heap after GC invocations=22 (full 0):
 garbage-first heap   total 109568K, used 47565K [0x000000008a400000, 0x0000000100000000)
  region size 1024K, 6 young (6144K), 6 survivors (6144K)
 Metaspace       used 72760K, committed 73408K, reserved 1114112K
  class space    used 10610K, committed 10944K, reserved 1048576K
}
Event: 28.861 GC heap before
{Heap before GC invocations=22 (full 0):
 garbage-first heap   total 109568K, used 89549K [0x000000008a400000, 0x0000000100000000)
  region size 1024K, 47 young (48128K), 6 survivors (6144K)
 Metaspace       used 75394K, committed 76032K, reserved 1114112K
  class space    used 10991K, committed 11264K, reserved 1048576K
}
Event: 28.870 GC heap after
{Heap after GC invocations=23 (full 0):
 garbage-first heap   total 109568K, used 49081K [0x000000008a400000, 0x0000000100000000)
  region size 1024K, 3 young (3072K), 3 survivors (3072K)
 Metaspace       used 75394K, committed 76032K, reserved 1114112K
  class space    used 10991K, committed 11264K, reserved 1048576K
}
Event: 30.000 GC heap before
{Heap before GC invocations=23 (full 0):
 garbage-first heap   total 109568K, used 90041K [0x000000008a400000, 0x0000000100000000)
  region size 1024K, 43 young (44032K), 3 survivors (3072K)
 Metaspace       used 77466K, committed 78080K, reserved 1179648K
  class space    used 11287K, committed 11584K, reserved 1048576K
}
Event: 30.005 GC heap after
{Heap after GC invocations=24 (full 0):
 garbage-first heap   total 109568K, used 51778K [0x000000008a400000, 0x0000000100000000)
  region size 1024K, 5 young (5120K), 5 survivors (5120K)
 Metaspace       used 77466K, committed 78080K, reserved 1179648K
  class space    used 11287K, committed 11584K, reserved 1048576K
}
Event: 30.583 GC heap before
{Heap before GC invocations=24 (full 0):
 garbage-first heap   total 109568K, used 90690K [0x000000008a400000, 0x0000000100000000)
  region size 1024K, 43 young (44032K), 5 survivors (5120K)
 Metaspace       used 77964K, committed 78656K, reserved 1179648K
  class space    used 11320K, committed 11648K, reserved 1048576K
}
Event: 30.589 GC heap after
{Heap after GC invocations=25 (full 0):
 garbage-first heap   total 109568K, used 53308K [0x000000008a400000, 0x0000000100000000)
  region size 1024K, 5 young (5120K), 5 survivors (5120K)
 Metaspace       used 77964K, committed 78656K, reserved 1179648K
  class space    used 11320K, committed 11648K, reserved 1048576K
}
Event: 31.017 GC heap before
{Heap before GC invocations=25 (full 0):
 garbage-first heap   total 109568K, used 90172K [0x000000008a400000, 0x0000000100000000)
  region size 1024K, 41 young (41984K), 5 survivors (5120K)
 Metaspace       used 78294K, committed 78976K, reserved 1179648K
  class space    used 11345K, committed 11648K, reserved 1048576K
}
Event: 31.023 GC heap after
{Heap after GC invocations=26 (full 0):
 garbage-first heap   total 109568K, used 55070K [0x000000008a400000, 0x0000000100000000)
  region size 1024K, 4 young (4096K), 4 survivors (4096K)
 Metaspace       used 78294K, committed 78976K, reserved 1179648K
  class space    used 11345K, committed 11648K, reserved 1048576K
}
Event: 31.851 GC heap before
{Heap before GC invocations=26 (full 0):
 garbage-first heap   total 109568K, used 90910K [0x000000008a400000, 0x0000000100000000)
  region size 1024K, 39 young (39936K), 4 survivors (4096K)
 Metaspace       used 79482K, committed 80192K, reserved 1179648K
  class space    used 11458K, committed 11776K, reserved 1048576K
}
Event: 31.859 GC heap after
{Heap after GC invocations=27 (full 0):
 garbage-first heap   total 109568K, used 57104K [0x000000008a400000, 0x0000000100000000)
  region size 1024K, 4 young (4096K), 4 survivors (4096K)
 Metaspace       used 79482K, committed 80192K, reserved 1179648K
  class space    used 11458K, committed 11776K, reserved 1048576K
}
Event: 32.797 GC heap before
{Heap before GC invocations=28 (full 0):
 garbage-first heap   total 109568K, used 91920K [0x000000008a400000, 0x0000000100000000)
  region size 1024K, 38 young (38912K), 4 survivors (4096K)
 Metaspace       used 81044K, committed 81792K, reserved 1179648K
  class space    used 11694K, committed 12032K, reserved 1048576K
}
Event: 32.802 GC heap after
{Heap after GC invocations=29 (full 0):
 garbage-first heap   total 109568K, used 58707K [0x000000008a400000, 0x0000000100000000)
  region size 1024K, 4 young (4096K), 4 survivors (4096K)
 Metaspace       used 81044K, committed 81792K, reserved 1179648K
  class space    used 11694K, committed 12032K, reserved 1048576K
}
Event: 32.856 GC heap before
{Heap before GC invocations=29 (full 0):
 garbage-first heap   total 109568K, used 59731K [0x000000008a400000, 0x0000000100000000)
  region size 1024K, 5 young (5120K), 4 survivors (4096K)
 Metaspace       used 81237K, committed 81920K, reserved 1179648K
  class space    used 11726K, committed 12032K, reserved 1048576K
}
Event: 32.861 GC heap after
{Heap after GC invocations=30 (full 0):
 garbage-first heap   total 109568K, used 58726K [0x000000008a400000, 0x0000000100000000)
  region size 1024K, 1 young (1024K), 1 survivors (1024K)
 Metaspace       used 81237K, committed 81920K, reserved 1179648K
  class space    used 11726K, committed 12032K, reserved 1048576K
}
Event: 33.690 GC heap before
{Heap before GC invocations=30 (full 0):
 garbage-first heap   total 109568K, used 91494K [0x000000008a400000, 0x0000000100000000)
  region size 1024K, 33 young (33792K), 1 survivors (1024K)
 Metaspace       used 82957K, committed 83648K, reserved 1179648K
  class space    used 11983K, committed 12288K, reserved 1048576K
}

