# JRE version: OpenJDK Runtime Environment Microsoft-11369865 (17.0.15+6) (build 17.0.15+6-LTS)
# Java VM: OpenJDK 64-Bit Server VM Microsoft-11369865 (17.0.15+6-LTS, mixed mode, emulated-client, sharing, tiered, compressed oops, compressed class ptrs, g1 gc, windows-amd64)
GC Precious Log:
 CPUs: 16 total, 16 available
 Memory: 7528M
 Large Page Support: Disabled
 NUMA Support: Disabled
 Compressed Oops: Enabled (32-bit)
 Heap Region Size: 1M
 Heap Min Capacity: 8M
 Heap Initial Capacity: 118M
 Heap Max Capacity: 1884M
 Pre-touch: Disabled
 Parallel Workers: 13
 Concurrent Workers: 3
 Concurrent Refinement Workers: 13
 Periodic GC: Disabled
Heap:
 garbage-first heap   total 302080K, used 76265K [0x000000008a400000, 0x0000000100000000)
  region size 1024K, 5 young (5120K), 1 survivors (1024K)
 Metaspace       used 103282K, committed 104064K, reserved 1179648K
  class space    used 14529K, committed 14848K, reserved 1048576K
GC Heap History (20 events):
Event: 2143.503 GC heap before
{Heap before GC invocations=98 (full 1):
 garbage-first heap   total 258048K, used 255236K [0x000000008a400000, 0x0000000100000000)
  region size 1024K, 60 young (61440K), 1 survivors (1024K)
 Metaspace       used 103276K, committed 104064K, reserved 1179648K
  class space    used 14528K, committed 14848K, reserved 1048576K
}
Event: 2143.535 GC heap after
{Heap after GC invocations=99 (full 1):
 garbage-first heap   total 262144K, used 77140K [0x000000008a400000, 0x0000000100000000)
  region size 1024K, 4 young (4096K), 4 survivors (4096K)
 Metaspace       used 103276K, committed 104064K, reserved 1179648K
  class space    used 14528K, committed 14848K, reserved 1048576K
}
Event: 2146.100 GC heap before
{Heap before GC invocations=99 (full 1):
 garbage-first heap   total 262144K, used 105812K [0x000000008a400000, 0x0000000100000000)
  region size 1024K, 12 young (12288K), 4 survivors (4096K)
 Metaspace       used 103276K, committed 104064K, reserved 1179648K
  class space    used 14528K, committed 14848K, reserved 1048576K
}
Event: 2146.112 GC heap after
{Heap after GC invocations=100 (full 1):
 garbage-first heap   total 262144K, used 73674K [0x000000008a400000, 0x0000000100000000)
  region size 1024K, 1 young (1024K), 1 survivors (1024K)
 Metaspace       used 103276K, committed 104064K, reserved 1179648K
  class space    used 14528K, committed 14848K, reserved 1048576K
}
Event: 2146.739 GC heap before
{Heap before GC invocations=100 (full 1):
 garbage-first heap   total 262144K, used 75722K [0x000000008a400000, 0x0000000100000000)
  region size 1024K, 5 young (5120K), 1 survivors (1024K)
 Metaspace       used 103276K, committed 104064K, reserved 1179648K
  class space    used 14528K, committed 14848K, reserved 1048576K
}
Event: 2146.744 GC heap after
{Heap after GC invocations=101 (full 1):
 garbage-first heap   total 262144K, used 73669K [0x000000008a400000, 0x0000000100000000)
  region size 1024K, 1 young (1024K), 1 survivors (1024K)
 Metaspace       used 103276K, committed 104064K, reserved 1179648K
  class space    used 14528K, committed 14848K, reserved 1048576K
}
Event: 2160.521 GC heap before
{Heap before GC invocations=102 (full 1):
 garbage-first heap   total 274432K, used 272325K [0x000000008a400000, 0x0000000100000000)
  region size 1024K, 63 young (64512K), 1 survivors (1024K)
 Metaspace       used 103276K, committed 104064K, reserved 1179648K
  class space    used 14528K, committed 14848K, reserved 1048576K
}
Event: 2160.525 GC heap after
{Heap after GC invocations=103 (full 1):
 garbage-first heap   total 275456K, used 73968K [0x000000008a400000, 0x0000000100000000)
  region size 1024K, 1 young (1024K), 1 survivors (1024K)
 Metaspace       used 103276K, committed 104064K, reserved 1179648K
  class space    used 14528K, committed 14848K, reserved 1048576K
}
Event: 2162.594 GC heap before
{Heap before GC invocations=103 (full 1):
 garbage-first heap   total 275456K, used 106736K [0x000000008a400000, 0x0000000100000000)
  region size 1024K, 13 young (13312K), 1 survivors (1024K)
 Metaspace       used 103276K, committed 104064K, reserved 1179648K
  class space    used 14528K, committed 14848K, reserved 1048576K
}
Event: 2162.602 GC heap after
{Heap after GC invocations=104 (full 1):
 garbage-first heap   total 275456K, used 75330K [0x000000008a400000, 0x0000000100000000)
  region size 1024K, 2 young (2048K), 2 survivors (2048K)
 Metaspace       used 103276K, committed 104064K, reserved 1179648K
  class space    used 14528K, committed 14848K, reserved 1048576K
}
Event: 2163.198 GC heap before
{Heap before GC invocations=104 (full 1):
 garbage-first heap   total 275456K, used 76354K [0x000000008a400000, 0x0000000100000000)
  region size 1024K, 4 young (4096K), 2 survivors (2048K)
 Metaspace       used 103276K, committed 104064K, reserved 1179648K
  class space    used 14528K, committed 14848K, reserved 1048576K
}
Event: 2163.199 GC heap after
{Heap after GC invocations=105 (full 1):
 garbage-first heap   total 275456K, used 73536K [0x000000008a400000, 0x0000000100000000)
  region size 1024K, 1 young (1024K), 1 survivors (1024K)
 Metaspace       used 103276K, committed 104064K, reserved 1179648K
  class space    used 14528K, committed 14848K, reserved 1048576K
}
Event: 2178.759 GC heap before
{Heap before GC invocations=106 (full 1):
 garbage-first heap   total 287744K, used 285504K [0x000000008a400000, 0x0000000100000000)
  region size 1024K, 69 young (70656K), 1 survivors (1024K)
 Metaspace       used 103276K, committed 104064K, reserved 1179648K
  class space    used 14528K, committed 14848K, reserved 1048576K
}
Event: 2178.786 GC heap after
{Heap after GC invocations=107 (full 1):
 garbage-first heap   total 288768K, used 73523K [0x000000008a400000, 0x0000000100000000)
  region size 1024K, 1 young (1024K), 1 survivors (1024K)
 Metaspace       used 103276K, committed 104064K, reserved 1179648K
  class space    used 14528K, committed 14848K, reserved 1048576K
}
Event: 2181.747 GC heap before
{Heap before GC invocations=107 (full 1):
 garbage-first heap   total 288768K, used 114483K [0x000000008a400000, 0x0000000100000000)
  region size 1024K, 14 young (14336K), 1 survivors (1024K)
 Metaspace       used 103276K, committed 104064K, reserved 1179648K
  class space    used 14528K, committed 14848K, reserved 1048576K
}
Event: 2181.783 GC heap after
{Heap after GC invocations=108 (full 1):
 garbage-first heap   total 288768K, used 75758K [0x000000008a400000, 0x0000000100000000)
  region size 1024K, 2 young (2048K), 2 survivors (2048K)
 Metaspace       used 103276K, committed 104064K, reserved 1179648K
  class space    used 14528K, committed 14848K, reserved 1048576K
}
Event: 2182.620 GC heap before
{Heap before GC invocations=108 (full 1):
 garbage-first heap   total 288768K, used 76782K [0x000000008a400000, 0x0000000100000000)
  region size 1024K, 4 young (4096K), 2 survivors (2048K)
 Metaspace       used 103276K, committed 104064K, reserved 1179648K
  class space    used 14528K, committed 14848K, reserved 1048576K
}
Event: 2182.641 GC heap after
{Heap after GC invocations=109 (full 1):
 garbage-first heap   total 288768K, used 73752K [0x000000008a400000, 0x0000000100000000)
  region size 1024K, 1 young (1024K), 1 survivors (1024K)
 Metaspace       used 103276K, committed 104064K, reserved 1179648K
  class space    used 14528K, committed 14848K, reserved 1048576K
}
Event: 2202.142 GC heap before
{Heap before GC invocations=110 (full 1):
 garbage-first heap   total 301056K, used 298933K [0x000000008a400000, 0x0000000100000000)
  region size 1024K, 75 young (76800K), 1 survivors (1024K)
 Metaspace       used 103282K, committed 104064K, reserved 1179648K
  class space    used 14529K, committed 14848K, reserved 1048576K
}
Event: 2202.165 GC heap after
{Heap after GC invocations=111 (full 1):
 garbage-first heap   total 302080K, used 74217K [0x000000008a400000, 0x0000000100000000)
  region size 1024K, 1 young (1024K), 1 survivors (1024K)
 Metaspace       used 103282K, committed 104064K, reserved 1179648K
  class space    used 14529K, committed 14848K, reserved 1048576K
}

