# JRE version: OpenJDK Runtime Environment Microsoft-11369865 (17.0.15+6) (build 17.0.15+6-LTS)
# Java VM: OpenJDK 64-Bit Server VM Microsoft-11369865 (17.0.15+6-LTS, mixed mode, emulated-client, sharing, tiered, compressed oops, compressed class ptrs, g1 gc, windows-amd64)
GC Precious Log:
 CPUs: 16 total, 16 available
 Memory: 7528M
 Large Page Support: Disabled
 NUMA Support: Disabled
 Compressed Oops: Enabled (32-bit)
 Heap Region Size: 1M
 Heap Min Capacity: 8M
 Heap Initial Capacity: 118M
 Heap Max Capacity: 1884M
 Pre-touch: Disabled
 Parallel Workers: 13
 Concurrent Workers: 3
 Concurrent Refinement Workers: 13
 Periodic GC: Disabled
Heap:
 garbage-first heap   total 286720K, used 102379K [0x000000008a400000, 0x0000000100000000)
  region size 1024K, 42 young (43008K), 1 survivors (1024K)
 Metaspace       used 92669K, committed 93248K, reserved 1179648K
  class space    used 13446K, committed 13696K, reserved 1048576K
GC Heap History (20 events):
Event: 38.878 GC heap after
{Heap after GC invocations=29 (full 0):
 garbage-first heap   total 143360K, used 64973K [0x000000008a400000, 0x0000000100000000)
  region size 1024K, 1 young (1024K), 1 survivors (1024K)
 Metaspace       used 81462K, committed 82112K, reserved 1179648K
  class space    used 11780K, committed 12096K, reserved 1048576K
}
Event: 39.623 GC heap before
{Heap before GC invocations=29 (full 0):
 garbage-first heap   total 143360K, used 118221K [0x000000008a400000, 0x0000000100000000)
  region size 1024K, 53 young (54272K), 1 survivors (1024K)
 Metaspace       used 86379K, committed 86976K, reserved 1179648K
  class space    used 12446K, committed 12736K, reserved 1048576K
}
Event: 39.627 GC heap after
{Heap after GC invocations=30 (full 0):
 garbage-first heap   total 143360K, used 66499K [0x000000008a400000, 0x0000000100000000)
  region size 1024K, 3 young (3072K), 3 survivors (3072K)
 Metaspace       used 86379K, committed 86976K, reserved 1179648K
  class space    used 12446K, committed 12736K, reserved 1048576K
}
Event: 104.320 GC heap before
{Heap before GC invocations=30 (full 0):
 garbage-first heap   total 143360K, used 118723K [0x000000008a400000, 0x0000000100000000)
  region size 1024K, 54 young (55296K), 3 survivors (3072K)
 Metaspace       used 87944K, committed 88768K, reserved 1179648K
  class space    used 12717K, committed 13120K, reserved 1048576K
}
Event: 105.010 GC heap after
{Heap after GC invocations=31 (full 0):
 garbage-first heap   total 143360K, used 67738K [0x000000008a400000, 0x0000000100000000)
  region size 1024K, 4 young (4096K), 4 survivors (4096K)
 Metaspace       used 87944K, committed 88768K, reserved 1179648K
  class space    used 12717K, committed 13120K, reserved 1048576K
}
Event: 164.743 GC heap before
{Heap before GC invocations=31 (full 0):
 garbage-first heap   total 143360K, used 92314K [0x000000008a400000, 0x0000000100000000)
  region size 1024K, 28 young (28672K), 4 survivors (4096K)
 Metaspace       used 87944K, committed 88768K, reserved 1179648K
  class space    used 12717K, committed 13120K, reserved 1048576K
}
Event: 164.788 GC heap after
{Heap after GC invocations=32 (full 0):
 garbage-first heap   total 143360K, used 68012K [0x000000008a400000, 0x0000000100000000)
  region size 1024K, 2 young (2048K), 2 survivors (2048K)
 Metaspace       used 87944K, committed 88768K, reserved 1179648K
  class space    used 12717K, committed 13120K, reserved 1048576K
}
Event: 241.816 GC heap before
{Heap before GC invocations=32 (full 0):
 garbage-first heap   total 143360K, used 120236K [0x000000008a400000, 0x0000000100000000)
  region size 1024K, 54 young (55296K), 2 survivors (2048K)
 Metaspace       used 91451K, committed 92160K, reserved 1179648K
  class space    used 13237K, committed 13568K, reserved 1048576K
}
Event: 241.845 GC heap after
{Heap after GC invocations=33 (full 0):
 garbage-first heap   total 143360K, used 68862K [0x000000008a400000, 0x0000000100000000)
  region size 1024K, 3 young (3072K), 3 survivors (3072K)
 Metaspace       used 91451K, committed 92160K, reserved 1179648K
  class space    used 13237K, committed 13568K, reserved 1048576K
}
Event: 333.883 GC heap before
{Heap before GC invocations=34 (full 0):
 garbage-first heap   total 143360K, used 122110K [0x000000008a400000, 0x0000000100000000)
  region size 1024K, 55 young (56320K), 3 survivors (3072K)
 Metaspace       used 92353K, committed 92992K, reserved 1179648K
  class space    used 13381K, committed 13696K, reserved 1048576K
}
Event: 335.159 GC heap after
{Heap after GC invocations=35 (full 0):
 garbage-first heap   total 143360K, used 69212K [0x000000008a400000, 0x0000000100000000)
  region size 1024K, 3 young (3072K), 3 survivors (3072K)
 Metaspace       used 92353K, committed 92992K, reserved 1179648K
  class space    used 13381K, committed 13696K, reserved 1048576K
}
Event: 344.308 GC heap before
{Heap before GC invocations=35 (full 0):
 garbage-first heap   total 143360K, used 73308K [0x000000008a400000, 0x0000000100000000)
  region size 1024K, 7 young (7168K), 3 survivors (3072K)
 Metaspace       used 92353K, committed 92992K, reserved 1179648K
  class space    used 13381K, committed 13696K, reserved 1048576K
}
Event: 344.342 GC heap after
{Heap after GC invocations=36 (full 0):
 garbage-first heap   total 286720K, used 67841K [0x000000008a400000, 0x0000000100000000)
  region size 1024K, 1 young (1024K), 1 survivors (1024K)
 Metaspace       used 92353K, committed 92992K, reserved 1179648K
  class space    used 13381K, committed 13696K, reserved 1048576K
}
Event: 373.615 GC heap before
{Heap before GC invocations=36 (full 0):
 garbage-first heap   total 286720K, used 81153K [0x000000008a400000, 0x0000000100000000)
  region size 1024K, 14 young (14336K), 1 survivors (1024K)
 Metaspace       used 92353K, committed 92992K, reserved 1179648K
  class space    used 13381K, committed 13696K, reserved 1048576K
}
Event: 373.642 GC heap after
{Heap after GC invocations=37 (full 0):
 garbage-first heap   total 286720K, used 66622K [0x000000008a400000, 0x0000000100000000)
  region size 1024K, 1 young (1024K), 1 survivors (1024K)
 Metaspace       used 92353K, committed 92992K, reserved 1179648K
  class space    used 13381K, committed 13696K, reserved 1048576K
}
Event: 402.735 GC heap before
{Heap before GC invocations=37 (full 0):
 garbage-first heap   total 286720K, used 79934K [0x000000008a400000, 0x0000000100000000)
  region size 1024K, 14 young (14336K), 1 survivors (1024K)
 Metaspace       used 92353K, committed 92992K, reserved 1179648K
  class space    used 13381K, committed 13696K, reserved 1048576K
}
Event: 402.772 GC heap after
{Heap after GC invocations=38 (full 0):
 garbage-first heap   total 286720K, used 63300K [0x000000008a400000, 0x0000000100000000)
  region size 1024K, 1 young (1024K), 1 survivors (1024K)
 Metaspace       used 92353K, committed 92992K, reserved 1179648K
  class space    used 13381K, committed 13696K, reserved 1048576K
}
Event: 431.830 GC heap before
{Heap before GC invocations=38 (full 0):
 garbage-first heap   total 286720K, used 76612K [0x000000008a400000, 0x0000000100000000)
  region size 1024K, 14 young (14336K), 1 survivors (1024K)
 Metaspace       used 92353K, committed 92992K, reserved 1179648K
  class space    used 13381K, committed 13696K, reserved 1048576K
}
Event: 431.855 GC heap after
{Heap after GC invocations=39 (full 0):
 garbage-first heap   total 286720K, used 61419K [0x000000008a400000, 0x0000000100000000)
  region size 1024K, 1 young (1024K), 1 survivors (1024K)
 Metaspace       used 92353K, committed 92992K, reserved 1179648K
  class space    used 13381K, committed 13696K, reserved 1048576K
}
Event: 497.943 GC heap before
{Heap before GC invocations=39 (full 0):
 garbage-first heap   total 286720K, used 102379K [0x000000008a400000, 0x0000000100000000)
  region size 1024K, 42 young (43008K), 1 survivors (1024K)
 Metaspace       used 92669K, committed 93248K, reserved 1179648K
  class space    used 13446K, committed 13696K, reserved 1048576K
}

