# JRE version: OpenJDK Runtime Environment Microsoft-11369865 (17.0.15+6) (build 17.0.15+6-LTS)
# Java VM: OpenJDK 64-Bit Server VM Microsoft-11369865 (17.0.15+6-LTS, mixed mode, emulated-client, sharing, tiered, compressed oops, compressed class ptrs, g1 gc, windows-amd64)
GC Precious Log:
 CPUs: 16 total, 16 available
 Memory: 7528M
 Large Page Support: Disabled
 NUMA Support: Disabled
 Compressed Oops: Enabled (32-bit)
 Heap Region Size: 1M
 Heap Min Capacity: 8M
 Heap Initial Capacity: 118M
 Heap Max Capacity: 1884M
 Pre-touch: Disabled
 Parallel Workers: 13
 Concurrent Workers: 3
 Concurrent Refinement Workers: 13
 Periodic GC: Disabled
Heap:
 garbage-first heap   total 98304K, used 48997K [0x000000008a400000, 0x0000000100000000)
  region size 1024K, 25 young (25600K), 4 survivors (4096K)
 Metaspace       used 30991K, committed 31360K, reserved 1114112K
  class space    used 4295K, committed 4416K, reserved 1048576K
GC Heap History (16 events):
Event: 1.375 GC heap before
{Heap before GC invocations=0 (full 0):
 garbage-first heap   total 120832K, used 23552K [0x000000008a400000, 0x0000000100000000)
  region size 1024K, 23 young (23552K), 0 survivors (0K)
 Metaspace       used 3425K, committed 3648K, reserved 1114112K
  class space    used 406K, committed 512K, reserved 1048576K
}
Event: 1.396 GC heap after
{Heap after GC invocations=1 (full 0):
 garbage-first heap   total 120832K, used 13216K [0x000000008a400000, 0x0000000100000000)
  region size 1024K, 3 young (3072K), 3 survivors (3072K)
 Metaspace       used 3425K, committed 3648K, reserved 1114112K
  class space    used 406K, committed 512K, reserved 1048576K
}
Event: 2.065 GC heap before
{Heap before GC invocations=1 (full 0):
 garbage-first heap   total 120832K, used 29600K [0x000000008a400000, 0x0000000100000000)
  region size 1024K, 19 young (19456K), 3 survivors (3072K)
 Metaspace       used 7026K, committed 7232K, reserved 1114112K
  class space    used 883K, committed 1024K, reserved 1048576K
}
Event: 2.078 GC heap after
{Heap after GC invocations=2 (full 0):
 garbage-first heap   total 120832K, used 14942K [0x000000008a400000, 0x0000000100000000)
  region size 1024K, 1 young (1024K), 1 survivors (1024K)
 Metaspace       used 7026K, committed 7232K, reserved 1114112K
  class space    used 883K, committed 1024K, reserved 1048576K
}
Event: 3.181 GC heap before
{Heap before GC invocations=2 (full 0):
 garbage-first heap   total 120832K, used 49758K [0x000000008a400000, 0x0000000100000000)
  region size 1024K, 35 young (35840K), 1 survivors (1024K)
 Metaspace       used 10216K, committed 10432K, reserved 1114112K
  class space    used 1366K, committed 1472K, reserved 1048576K
}
Event: 3.187 GC heap after
{Heap after GC invocations=3 (full 0):
 garbage-first heap   total 120832K, used 16179K [0x000000008a400000, 0x0000000100000000)
  region size 1024K, 3 young (3072K), 3 survivors (3072K)
 Metaspace       used 10216K, committed 10432K, reserved 1114112K
  class space    used 1366K, committed 1472K, reserved 1048576K
}
Event: 4.725 GC heap before
{Heap before GC invocations=3 (full 0):
 garbage-first heap   total 120832K, used 80691K [0x000000008a400000, 0x0000000100000000)
  region size 1024K, 67 young (68608K), 3 survivors (3072K)
 Metaspace       used 19661K, committed 19968K, reserved 1114112K
  class space    used 2724K, committed 2880K, reserved 1048576K
}
Event: 4.737 GC heap after
{Heap after GC invocations=4 (full 0):
 garbage-first heap   total 120832K, used 19594K [0x000000008a400000, 0x0000000100000000)
  region size 1024K, 6 young (6144K), 6 survivors (6144K)
 Metaspace       used 19661K, committed 19968K, reserved 1114112K
  class space    used 2724K, committed 2880K, reserved 1048576K
}
Event: 5.065 GC heap before
{Heap before GC invocations=4 (full 0):
 garbage-first heap   total 120832K, used 33930K [0x000000008a400000, 0x0000000100000000)
  region size 1024K, 21 young (21504K), 6 survivors (6144K)
 Metaspace       used 21219K, committed 21504K, reserved 1114112K
  class space    used 2969K, committed 3136K, reserved 1048576K
}
Event: 5.076 GC heap after
{Heap after GC invocations=5 (full 0):
 garbage-first heap   total 120832K, used 21319K [0x000000008a400000, 0x0000000100000000)
  region size 1024K, 7 young (7168K), 7 survivors (7168K)
 Metaspace       used 21219K, committed 21504K, reserved 1114112K
  class space    used 2969K, committed 3136K, reserved 1048576K
}
Event: 6.386 GC heap before
{Heap before GC invocations=6 (full 0):
 garbage-first heap   total 81920K, used 62279K [0x000000008a400000, 0x0000000100000000)
  region size 1024K, 48 young (49152K), 7 survivors (7168K)
 Metaspace       used 23623K, committed 23936K, reserved 1114112K
  class space    used 3238K, committed 3392K, reserved 1048576K
}
Event: 6.400 GC heap after
{Heap after GC invocations=7 (full 0):
 garbage-first heap   total 81920K, used 24818K [0x000000008a400000, 0x0000000100000000)
  region size 1024K, 6 young (6144K), 6 survivors (6144K)
 Metaspace       used 23623K, committed 23936K, reserved 1114112K
  class space    used 3238K, committed 3392K, reserved 1048576K
}
Event: 7.392 GC heap before
{Heap before GC invocations=7 (full 0):
 garbage-first heap   total 81920K, used 57586K [0x000000008a400000, 0x0000000100000000)
  region size 1024K, 38 young (38912K), 6 survivors (6144K)
 Metaspace       used 25611K, committed 25920K, reserved 1114112K
  class space    used 3504K, committed 3648K, reserved 1048576K
}
Event: 7.400 GC heap after
{Heap after GC invocations=8 (full 0):
 garbage-first heap   total 98304K, used 26727K [0x000000008a400000, 0x0000000100000000)
  region size 1024K, 3 young (3072K), 3 survivors (3072K)
 Metaspace       used 25611K, committed 25920K, reserved 1114112K
  class space    used 3504K, committed 3648K, reserved 1048576K
}
Event: 8.752 GC heap before
{Heap before GC invocations=8 (full 0):
 garbage-first heap   total 98304K, used 70759K [0x000000008a400000, 0x0000000100000000)
  region size 1024K, 46 young (47104K), 3 survivors (3072K)
 Metaspace       used 29978K, committed 30336K, reserved 1114112K
  class space    used 4157K, committed 4288K, reserved 1048576K
}
Event: 8.759 GC heap after
{Heap after GC invocations=9 (full 0):
 garbage-first heap   total 98304K, used 28517K [0x000000008a400000, 0x0000000100000000)
  region size 1024K, 4 young (4096K), 4 survivors (4096K)
 Metaspace       used 29978K, committed 30336K, reserved 1114112K
  class space    used 4157K, committed 4288K, reserved 1048576K
}

