# JRE version: OpenJDK Runtime Environment Microsoft-11369865 (17.0.15+6) (build 17.0.15+6-LTS)
# Java VM: OpenJDK 64-Bit Server VM Microsoft-11369865 (17.0.15+6-LTS, mixed mode, emulated-client, sharing, tiered, compressed oops, compressed class ptrs, g1 gc, windows-amd64)
GC Precious Log:
 CPUs: 16 total, 16 available
 Memory: 7528M
 Large Page Support: Disabled
 NUMA Support: Disabled
 Compressed Oops: Enabled (32-bit)
 Heap Region Size: 1M
 Heap Min Capacity: 8M
 Heap Initial Capacity: 118M
 Heap Max Capacity: 1884M
 Pre-touch: Disabled
 Parallel Workers: 13
 Concurrent Workers: 3
 Concurrent Refinement Workers: 13
 Periodic GC: Disabled
Heap:
 garbage-first heap   total 114688K, used 82355K [0x000000008a400000, 0x0000000100000000)
  region size 1024K, 29 young (29696K), 5 survivors (5120K)
 Metaspace       used 81601K, committed 82176K, reserved 1179648K
  class space    used 11748K, committed 12032K, reserved 1048576K
GC Heap History (20 events):
Event: 11.525 GC heap before
{Heap before GC invocations=15 (full 0):
 garbage-first heap   total 95232K, used 75580K [0x000000008a400000, 0x0000000100000000)
  region size 1024K, 41 young (41984K), 5 survivors (5120K)
 Metaspace       used 55945K, committed 56512K, reserved 1114112K
  class space    used 7788K, committed 8064K, reserved 1048576K
}
Event: 11.533 GC heap after
{Heap after GC invocations=16 (full 0):
 garbage-first heap   total 95232K, used 40617K [0x000000008a400000, 0x0000000100000000)
  region size 1024K, 5 young (5120K), 5 survivors (5120K)
 Metaspace       used 55945K, committed 56512K, reserved 1114112K
  class space    used 7788K, committed 8064K, reserved 1048576K
}
Event: 11.835 GC heap before
{Heap before GC invocations=16 (full 0):
 garbage-first heap   total 95232K, used 58025K [0x000000008a400000, 0x0000000100000000)
  region size 1024K, 23 young (23552K), 5 survivors (5120K)
 Metaspace       used 59613K, committed 60096K, reserved 1114112K
  class space    used 8338K, committed 8576K, reserved 1048576K
}
Event: 11.840 GC heap after
{Heap after GC invocations=17 (full 0):
 garbage-first heap   total 95232K, used 41318K [0x000000008a400000, 0x0000000100000000)
  region size 1024K, 3 young (3072K), 3 survivors (3072K)
 Metaspace       used 59613K, committed 60096K, reserved 1114112K
  class space    used 8338K, committed 8576K, reserved 1048576K
}
Event: 12.349 GC heap before
{Heap before GC invocations=18 (full 0):
 garbage-first heap   total 95232K, used 77158K [0x000000008a400000, 0x0000000100000000)
  region size 1024K, 38 young (38912K), 3 survivors (3072K)
 Metaspace       used 62424K, committed 62976K, reserved 1114112K
  class space    used 8933K, committed 9216K, reserved 1048576K
}
Event: 12.353 GC heap after
{Heap after GC invocations=19 (full 0):
 garbage-first heap   total 114688K, used 41929K [0x000000008a400000, 0x0000000100000000)
  region size 1024K, 4 young (4096K), 4 survivors (4096K)
 Metaspace       used 62424K, committed 62976K, reserved 1114112K
  class space    used 8933K, committed 9216K, reserved 1048576K
}
Event: 15.970 GC heap before
{Heap before GC invocations=19 (full 0):
 garbage-first heap   total 114688K, used 93129K [0x000000008a400000, 0x0000000100000000)
  region size 1024K, 54 young (55296K), 4 survivors (4096K)
 Metaspace       used 67517K, committed 68096K, reserved 1114112K
  class space    used 9615K, committed 9920K, reserved 1048576K
}
Event: 15.975 GC heap after
{Heap after GC invocations=20 (full 0):
 garbage-first heap   total 114688K, used 44042K [0x000000008a400000, 0x0000000100000000)
  region size 1024K, 6 young (6144K), 6 survivors (6144K)
 Metaspace       used 67517K, committed 68096K, reserved 1114112K
  class space    used 9615K, committed 9920K, reserved 1048576K
}
Event: 16.638 GC heap before
{Heap before GC invocations=20 (full 0):
 garbage-first heap   total 114688K, used 92170K [0x000000008a400000, 0x0000000100000000)
  region size 1024K, 54 young (55296K), 6 survivors (6144K)
 Metaspace       used 74044K, committed 74688K, reserved 1114112K
  class space    used 10809K, committed 11136K, reserved 1048576K
}
Event: 16.644 GC heap after
{Heap after GC invocations=21 (full 0):
 garbage-first heap   total 114688K, used 47379K [0x000000008a400000, 0x0000000100000000)
  region size 1024K, 7 young (7168K), 7 survivors (7168K)
 Metaspace       used 74044K, committed 74688K, reserved 1114112K
  class space    used 10809K, committed 11136K, reserved 1048576K
}
Event: 23.204 GC heap before
{Heap before GC invocations=21 (full 0):
 garbage-first heap   total 114688K, used 93459K [0x000000008a400000, 0x0000000100000000)
  region size 1024K, 52 young (53248K), 7 survivors (7168K)
 Metaspace       used 75597K, committed 76288K, reserved 1114112K
  class space    used 11016K, committed 11328K, reserved 1048576K
}
Event: 23.213 GC heap after
{Heap after GC invocations=22 (full 0):
 garbage-first heap   total 114688K, used 50065K [0x000000008a400000, 0x0000000100000000)
  region size 1024K, 7 young (7168K), 7 survivors (7168K)
 Metaspace       used 75597K, committed 76288K, reserved 1114112K
  class space    used 11016K, committed 11328K, reserved 1048576K
}
Event: 23.803 GC heap before
{Heap before GC invocations=22 (full 0):
 garbage-first heap   total 114688K, used 93073K [0x000000008a400000, 0x0000000100000000)
  region size 1024K, 49 young (50176K), 7 survivors (7168K)
 Metaspace       used 77782K, committed 78400K, reserved 1179648K
  class space    used 11317K, committed 11584K, reserved 1048576K
}
Event: 23.809 GC heap after
{Heap after GC invocations=23 (full 0):
 garbage-first heap   total 114688K, used 53271K [0x000000008a400000, 0x0000000100000000)
  region size 1024K, 6 young (6144K), 6 survivors (6144K)
 Metaspace       used 77782K, committed 78400K, reserved 1179648K
  class space    used 11317K, committed 11584K, reserved 1048576K
}
Event: 24.167 GC heap before
{Heap before GC invocations=23 (full 0):
 garbage-first heap   total 114688K, used 93207K [0x000000008a400000, 0x0000000100000000)
  region size 1024K, 45 young (46080K), 6 survivors (6144K)
 Metaspace       used 78301K, committed 78976K, reserved 1179648K
  class space    used 11351K, committed 11648K, reserved 1048576K
}
Event: 24.173 GC heap after
{Heap after GC invocations=24 (full 0):
 garbage-first heap   total 114688K, used 55185K [0x000000008a400000, 0x0000000100000000)
  region size 1024K, 5 young (5120K), 5 survivors (5120K)
 Metaspace       used 78301K, committed 78976K, reserved 1179648K
  class space    used 11351K, committed 11648K, reserved 1048576K
}
Event: 25.435 GC heap before
{Heap before GC invocations=24 (full 0):
 garbage-first heap   total 114688K, used 94097K [0x000000008a400000, 0x0000000100000000)
  region size 1024K, 43 young (44032K), 5 survivors (5120K)
 Metaspace       used 79114K, committed 79680K, reserved 1179648K
  class space    used 11445K, committed 11712K, reserved 1048576K
}
Event: 25.439 GC heap after
{Heap after GC invocations=25 (full 0):
 garbage-first heap   total 114688K, used 56350K [0x000000008a400000, 0x0000000100000000)
  region size 1024K, 4 young (4096K), 4 survivors (4096K)
 Metaspace       used 79114K, committed 79680K, reserved 1179648K
  class space    used 11445K, committed 11712K, reserved 1048576K
}
Event: 25.743 GC heap before
{Heap before GC invocations=25 (full 0):
 garbage-first heap   total 114688K, used 94238K [0x000000008a400000, 0x0000000100000000)
  region size 1024K, 41 young (41984K), 4 survivors (4096K)
 Metaspace       used 80398K, committed 81088K, reserved 1179648K
  class space    used 11573K, committed 11904K, reserved 1048576K
}
Event: 25.747 GC heap after
{Heap after GC invocations=26 (full 0):
 garbage-first heap   total 114688K, used 58803K [0x000000008a400000, 0x0000000100000000)
  region size 1024K, 5 young (5120K), 5 survivors (5120K)
 Metaspace       used 80398K, committed 81088K, reserved 1179648K
  class space    used 11573K, committed 11904K, reserved 1048576K
}

