# JRE version: OpenJDK Runtime Environment Microsoft-11369865 (17.0.15+6) (build 17.0.15+6-LTS)
# Java VM: OpenJDK 64-Bit Server VM Microsoft-11369865 (17.0.15+6-LTS, mixed mode, emulated-client, sharing, tiered, compressed oops, compressed class ptrs, g1 gc, windows-amd64)
GC Precious Log:
 CPUs: 16 total, 16 available
 Memory: 7528M
 Large Page Support: Disabled
 NUMA Support: Disabled
 Compressed Oops: Enabled (32-bit)
 Heap Region Size: 1M
 Heap Min Capacity: 8M
 Heap Initial Capacity: 118M
 Heap Max Capacity: 1884M
 Pre-touch: Disabled
 Parallel Workers: 13
 Concurrent Workers: 3
 Concurrent Refinement Workers: 13
 Periodic GC: Disabled
Heap:
 garbage-first heap   total 143360K, used 95028K [0x000000008a400000, 0x0000000100000000)
  region size 1024K, 49 young (50176K), 7 survivors (7168K)
 Metaspace       used 90366K, committed 91072K, reserved 1179648K
  class space    used 13056K, committed 13376K, reserved 1048576K
GC Heap History (20 events):
Event: 42.003 GC heap after
{Heap after GC invocations=26 (full 1):
 garbage-first heap   total 143360K, used 51807K [0x000000008a400000, 0x0000000100000000)
  region size 1024K, 0 young (0K), 0 survivors (0K)
 Metaspace       used 88799K, committed 89600K, reserved 1179648K
  class space    used 12830K, committed 13184K, reserved 1048576K
}
Event: 42.511 GC heap before
{Heap before GC invocations=26 (full 1):
 garbage-first heap   total 143360K, used 113247K [0x000000008a400000, 0x0000000100000000)
  region size 1024K, 61 young (62464K), 0 survivors (0K)
 Metaspace       used 88814K, committed 89600K, reserved 1179648K
  class space    used 12835K, committed 13184K, reserved 1048576K
}
Event: 42.515 GC heap after
{Heap after GC invocations=27 (full 1):
 garbage-first heap   total 143360K, used 56356K [0x000000008a400000, 0x0000000100000000)
  region size 1024K, 5 young (5120K), 5 survivors (5120K)
 Metaspace       used 88814K, committed 89600K, reserved 1179648K
  class space    used 12835K, committed 13184K, reserved 1048576K
}
Event: 43.096 GC heap before
{Heap before GC invocations=27 (full 1):
 garbage-first heap   total 143360K, used 113700K [0x000000008a400000, 0x0000000100000000)
  region size 1024K, 61 young (62464K), 5 survivors (5120K)
 Metaspace       used 88837K, committed 89600K, reserved 1179648K
  class space    used 12836K, committed 13184K, reserved 1048576K
}
Event: 43.101 GC heap after
{Heap after GC invocations=28 (full 1):
 garbage-first heap   total 143360K, used 57614K [0x000000008a400000, 0x0000000100000000)
  region size 1024K, 6 young (6144K), 6 survivors (6144K)
 Metaspace       used 88837K, committed 89600K, reserved 1179648K
  class space    used 12836K, committed 13184K, reserved 1048576K
}
Event: 55.295 GC heap before
{Heap before GC invocations=28 (full 1):
 garbage-first heap   total 143360K, used 114958K [0x000000008a400000, 0x0000000100000000)
  region size 1024K, 62 young (63488K), 6 survivors (6144K)
 Metaspace       used 90118K, committed 90816K, reserved 1179648K
  class space    used 13035K, committed 13376K, reserved 1048576K
}
Event: 55.303 GC heap after
{Heap after GC invocations=29 (full 1):
 garbage-first heap   total 143360K, used 58781K [0x000000008a400000, 0x0000000100000000)
  region size 1024K, 5 young (5120K), 5 survivors (5120K)
 Metaspace       used 90118K, committed 90816K, reserved 1179648K
  class space    used 13035K, committed 13376K, reserved 1048576K
}
Event: 55.361 GC heap before
{Heap before GC invocations=29 (full 1):
 garbage-first heap   total 143360K, used 59805K [0x000000008a400000, 0x0000000100000000)
  region size 1024K, 7 young (7168K), 5 survivors (5120K)
 Metaspace       used 90121K, committed 90880K, reserved 1179648K
  class space    used 13036K, committed 13376K, reserved 1048576K
}
Event: 55.485 GC heap after
{Heap after GC invocations=30 (full 2):
 garbage-first heap   total 143360K, used 46139K [0x000000008a400000, 0x0000000100000000)
  region size 1024K, 0 young (0K), 0 survivors (0K)
 Metaspace       used 90118K, committed 90880K, reserved 1179648K
  class space    used 13035K, committed 13376K, reserved 1048576K
}
Event: 56.027 GC heap before
{Heap before GC invocations=30 (full 2):
 garbage-first heap   total 143360K, used 114747K [0x000000008a400000, 0x0000000100000000)
  region size 1024K, 67 young (68608K), 0 survivors (0K)
 Metaspace       used 90120K, committed 90880K, reserved 1179648K
  class space    used 13036K, committed 13376K, reserved 1048576K
}
Event: 56.036 GC heap after
{Heap after GC invocations=31 (full 2):
 garbage-first heap   total 143360K, used 50336K [0x000000008a400000, 0x0000000100000000)
  region size 1024K, 5 young (5120K), 5 survivors (5120K)
 Metaspace       used 90120K, committed 90880K, reserved 1179648K
  class space    used 13036K, committed 13376K, reserved 1048576K
}
Event: 56.703 GC heap before
{Heap before GC invocations=31 (full 2):
 garbage-first heap   total 143360K, used 113824K [0x000000008a400000, 0x0000000100000000)
  region size 1024K, 67 young (68608K), 5 survivors (5120K)
 Metaspace       used 90156K, committed 90880K, reserved 1179648K
  class space    used 13039K, committed 13376K, reserved 1048576K
}
Event: 56.710 GC heap after
{Heap after GC invocations=32 (full 2):
 garbage-first heap   total 143360K, used 52724K [0x000000008a400000, 0x0000000100000000)
  region size 1024K, 7 young (7168K), 7 survivors (7168K)
 Metaspace       used 90156K, committed 90880K, reserved 1179648K
  class space    used 13039K, committed 13376K, reserved 1048576K
}
Event: 88.492 GC heap before
{Heap before GC invocations=32 (full 2):
 garbage-first heap   total 143360K, used 96756K [0x000000008a400000, 0x0000000100000000)
  region size 1024K, 51 young (52224K), 7 survivors (7168K)
 Metaspace       used 90236K, committed 90944K, reserved 1179648K
  class space    used 13045K, committed 13376K, reserved 1048576K
}
Event: 89.107 GC heap after
{Heap after GC invocations=33 (full 3):
 garbage-first heap   total 143360K, used 46282K [0x000000008a400000, 0x0000000100000000)
  region size 1024K, 0 young (0K), 0 survivors (0K)
 Metaspace       used 90233K, committed 90944K, reserved 1179648K
  class space    used 13044K, committed 13376K, reserved 1048576K
}
Event: 90.473 GC heap before
{Heap before GC invocations=33 (full 3):
 garbage-first heap   total 143360K, used 113866K [0x000000008a400000, 0x0000000100000000)
  region size 1024K, 67 young (68608K), 0 survivors (0K)
 Metaspace       used 90259K, committed 91008K, reserved 1179648K
  class space    used 13049K, committed 13376K, reserved 1048576K
}
Event: 90.483 GC heap after
{Heap after GC invocations=34 (full 3):
 garbage-first heap   total 143360K, used 50378K [0x000000008a400000, 0x0000000100000000)
  region size 1024K, 4 young (4096K), 4 survivors (4096K)
 Metaspace       used 90259K, committed 91008K, reserved 1179648K
  class space    used 13049K, committed 13376K, reserved 1048576K
}
Event: 91.283 GC heap before
{Heap before GC invocations=34 (full 3):
 garbage-first heap   total 143360K, used 114890K [0x000000008a400000, 0x0000000100000000)
  region size 1024K, 67 young (68608K), 4 survivors (4096K)
 Metaspace       used 90290K, committed 91008K, reserved 1179648K
  class space    used 13051K, committed 13376K, reserved 1048576K
}
Event: 91.290 GC heap after
{Heap after GC invocations=35 (full 3):
 garbage-first heap   total 143360K, used 53044K [0x000000008a400000, 0x0000000100000000)
  region size 1024K, 7 young (7168K), 7 survivors (7168K)
 Metaspace       used 90290K, committed 91008K, reserved 1179648K
  class space    used 13051K, committed 13376K, reserved 1048576K
}
Event: 104.731 GC heap before
{Heap before GC invocations=35 (full 3):
 garbage-first heap   total 143360K, used 95028K [0x000000008a400000, 0x0000000100000000)
  region size 1024K, 49 young (50176K), 7 survivors (7168K)
 Metaspace       used 90366K, committed 91072K, reserved 1179648K
  class space    used 13056K, committed 13376K, reserved 1048576K
}

